2026-02-18 20:09:53,955 [INFO] Downloaded: LXST CXNTURY - HAVOC.mp3
2026-02-18 20:09:54,038 [INFO] Downloaded: skeler. - DEVILISH TRIO - NOSE TO THE GRINDSTONE (Skeler Remix).mp3
2026-02-18 20:09:54,130 [INFO] Downloaded: KEDELA - KEDELA - LAST UNIVERSE.mp3
2026-02-18 20:09:54,499 [INFO] Downloaded: HXVRMXN - スピードデーモン.mp3
2026-02-18 20:09:58,616 [INFO] Downloaded: WEEDMANE - SUICIDE YEAR (feat. Kingpin' Skinny Pimp, DJ Spanish Fly).mp3
2026-02-18 20:09:58,846 [INFO] Downloaded: INTERWORLD - METAMORPHOSIS.mp3
2026-02-18 20:09:59,059 [INFO] Downloaded: DVRST - DVRST, OBLXKQ - ENDLESS LOVE.mp3
2026-02-18 20:09:59,580 [INFO] Downloaded: SAGE - Lethal Presence.mp3
2026-02-18 20:10:03,228 [INFO] Downloaded: HXVRMXN - Eclipse.mp3
2026-02-18 20:10:03,706 [INFO] Downloaded: HXVRMXN - HEADLIGHTS FLASHES.mp3
2026-02-18 20:10:05,480 [INFO] Downloaded: TWOPAIN - RISE.mp3
2026-02-18 20:10:06,158 [INFO] Downloaded: LXST CXNTURY - MIRAX.mp3
2026-02-18 20:10:09,526 [INFO] Downloaded: SXLECT - OVERDRIVE.mp3
2026-02-18 20:10:11,565 [INFO] Stored: TWOPAIN - RISE.mp3 (43 dims)
2026-02-18 20:10:11,580 [INFO] Stored: LXST CXNTURY - MIRAX.mp3 (43 dims)
2026-02-18 20:10:14,110 [INFO] Stored: SXLECT - OVERDRIVE.mp3 (43 dims)
2026-02-19 20:02:10,838 [INFO] Downloaded: LXST CXNTURY - HAVOC.mp3
2026-02-19 20:02:10,936 [INFO] Downloaded: KEDELA - KEDELA - LAST UNIVERSE.mp3
2026-02-19 20:02:10,959 [INFO] Downloaded: HXVRMXN - スピードデーモン.mp3
2026-02-19 20:02:11,070 [INFO] Downloaded: skeler. - DEVILISH TRIO - NOSE TO THE GRINDSTONE (Skeler Remix).mp3
2026-02-19 20:02:15,657 [INFO] Downloaded: SAGE - Lethal Presence.mp3
2026-02-19 20:02:15,727 [INFO] Downloaded: INTERWORLD - METAMORPHOSIS.mp3
2026-02-19 20:02:15,796 [INFO] Downloaded: WEEDMANE - SUICIDE YEAR (feat. Kingpin' Skinny Pimp, DJ Spanish Fly).mp3
2026-02-19 20:02:15,800 [INFO] Downloaded: DVRST - DVRST, OBLXKQ - ENDLESS LOVE.mp3
2026-02-19 20:02:20,330 [INFO] Downloaded: HXVRMXN - Eclipse.mp3
2026-02-19 20:02:20,710 [INFO] Downloaded: LXST CXNTURY - MIRAX.mp3
2026-02-19 20:02:20,834 [INFO] Downloaded: TWOPAIN - RISE.mp3
2026-02-19 20:02:20,840 [INFO] Downloaded: HXVRMXN - HEADLIGHTS FLASHES.mp3
2026-02-19 20:02:25,219 [INFO] Downloaded: SXLECT - OVERDRIVE.mp3
2026-02-19 20:02:25,581 [INFO] Downloaded: MC ORSEN - WARNING.mp3
2026-02-19 20:02:26,319 [INFO] Downloaded: EhzumKa - 40. Belis Feat. RAMIREZ - Only Facts With BONES - 30DAYFREETRIAL (Skeler Remix).mp3
2026-02-19 20:02:26,571 [INFO] Downloaded: vinter - REBORN.mp3
2026-02-19 20:02:30,538 [INFO] Downloaded: GRAVECHILL - ENDLESS VOID with JXXPSINNXR.mp3
2026-02-19 20:02:31,223 [INFO] Downloaded: SCXR SOUL - CADAVERICWXRM X SCXRSOUL - CAVES.mp3
2026-02-19 20:02:31,858 [INFO] Downloaded: Lorta Outtakes - Belis - Only Facts (Lorta Remix).mp3
2026-02-19 20:02:32,611 [INFO] Downloaded: SXTURN GALAXY - EXODUS ft. iGRES.mp3
2026-02-19 20:02:36,187 [INFO] Downloaded: SAILXNCE - FEAR.mp3
2026-02-19 20:02:36,192 [INFO] Stored: SCXR SOUL - CADAVERICWXRM X SCXRSOUL - CAVES.mp3 (43 dims)
2026-02-19 20:02:36,193 [INFO] Stored: GRAVECHILL - ENDLESS VOID with JXXPSINNXR.mp3 (43 dims)
2026-02-19 20:02:36,194 [INFO] Stored: EhzumKa - 40. Belis Feat. RAMIREZ - Only Facts With BONES - 30DAYFREETRIAL (Skeler Remix).mp3 (43 dims)
2026-02-19 20:02:36,194 [INFO] Stored: MC ORSEN - WARNING.mp3 (43 dims)
2026-02-19 20:02:36,194 [INFO] Stored: vinter - REBORN.mp3 (43 dims)
2026-02-19 20:02:36,349 [INFO] Stored: Lorta Outtakes - Belis - Only Facts (Lorta Remix).mp3 (43 dims)
2026-02-19 20:02:36,982 [INFO] Stored: SXTURN GALAXY - EXODUS ft. iGRES.mp3 (43 dims)
2026-02-19 20:02:37,478 [INFO] Stored: SAILXNCE - FEAR.mp3 (43 dims)
2026-02-19 20:11:17,476 [INFO] Downloaded: LXST CXNTURY - HAVOC.mp3
2026-02-19 20:11:17,626 [INFO] Downloaded: KEDELA - KEDELA - LAST UNIVERSE.mp3
2026-02-19 20:11:17,627 [INFO] Downloaded: HXVRMXN - スピードデーモン.mp3
2026-02-19 20:11:17,627 [INFO] Downloaded: skeler. - DEVILISH TRIO - NOSE TO THE GRINDSTONE (Skeler Remix).mp3
2026-02-19 20:11:22,891 [INFO] Downloaded: WEEDMANE - SUICIDE YEAR (feat. Kingpin' Skinny Pimp, DJ Spanish Fly).mp3
2026-02-19 20:11:23,000 [INFO] Downloaded: DVRST - DVRST, OBLXKQ - ENDLESS LOVE.mp3
2026-02-19 20:11:23,001 [INFO] Downloaded: SAGE - Lethal Presence.mp3
2026-02-19 20:11:23,034 [INFO] Downloaded: INTERWORLD - METAMORPHOSIS.mp3
2026-02-19 20:11:27,231 [INFO] Downloaded: HXVRMXN - Eclipse.mp3
2026-02-19 20:11:27,417 [INFO] Downloaded: HXVRMXN - HEADLIGHTS FLASHES.mp3
2026-02-19 20:11:27,593 [INFO] Downloaded: TWOPAIN - RISE.mp3
2026-02-19 20:11:27,671 [INFO] Downloaded: LXST CXNTURY - MIRAX.mp3
2026-02-19 20:11:32,896 [INFO] Downloaded: EhzumKa - 40. Belis Feat. RAMIREZ - Only Facts With BONES - 30DAYFREETRIAL (Skeler Remix).mp3
2026-02-19 20:11:33,000 [INFO] Downloaded: MC ORSEN - WARNING.mp3
2026-02-19 20:11:33,064 [INFO] Downloaded: SXLECT - OVERDRIVE.mp3
2026-02-19 20:11:33,712 [INFO] Downloaded: vinter - REBORN.mp3
2026-02-19 20:11:38,751 [INFO] Downloaded: GRAVECHILL - ENDLESS VOID with JXXPSINNXR.mp3
2026-02-19 20:11:38,997 [INFO] Downloaded: Lorta Outtakes - Belis - Only Facts (Lorta Remix).mp3
2026-02-19 20:11:39,289 [INFO] Downloaded: SCXR SOUL - CADAVERICWXRM X SCXRSOUL - CAVES.mp3
2026-02-19 20:11:39,605 [INFO] Downloaded: SXTURN GALAXY - EXODUS ft. iGRES.mp3
2026-02-19 20:11:43,900 [INFO] Downloaded: SAILXNCE - FEAR.mp3
2026-02-19 20:11:44,153 [INFO] Downloaded: LOSTMANE - NIGHTFALL.mp3
2026-02-19 20:11:48,654 [INFO] Stored: LOSTMANE - NIGHTFALL.mp3 (43 dims)
2026-02-19 20:20:31,527 [INFO] Downloaded: skeler. - DEVILISH TRIO - NOSE TO THE GRINDSTONE (Skeler Remix).mp3
2026-02-19 20:20:31,653 [INFO] Downloaded: HXVRMXN - スピードデーモン.mp3
2026-02-19 20:20:31,655 [INFO] Downloaded: KEDELA - KEDELA - LAST UNIVERSE.mp3
2026-02-19 20:20:31,835 [INFO] Downloaded: LXST CXNTURY - HAVOC.mp3
2026-02-19 20:20:36,065 [INFO] Downloaded: DVRST - DVRST, OBLXKQ - ENDLESS LOVE.mp3
2026-02-19 20:20:36,172 [INFO] Downloaded: INTERWORLD - METAMORPHOSIS.mp3
2026-02-19 20:20:36,182 [INFO] Downloaded: WEEDMANE - SUICIDE YEAR (feat. Kingpin' Skinny Pimp, DJ Spanish Fly).mp3
2026-02-19 20:20:36,342 [INFO] Downloaded: SAGE - Lethal Presence.mp3
2026-02-19 20:20:40,498 [INFO] Downloaded: HXVRMXN - Eclipse.mp3
2026-02-19 20:20:40,635 [INFO] Downloaded: TWOPAIN - RISE.mp3
2026-02-19 20:20:40,941 [INFO] Downloaded: HXVRMXN - HEADLIGHTS FLASHES.mp3
2026-02-19 20:20:42,873 [INFO] Downloaded: LXST CXNTURY - MIRAX.mp3
2026-02-19 20:20:45,111 [INFO] Downloaded: SXLECT - OVERDRIVE.mp3
2026-02-19 20:20:45,174 [INFO] Downloaded: EhzumKa - 40. Belis Feat. RAMIREZ - Only Facts With BONES - 30DAYFREETRIAL (Skeler Remix).mp3
2026-02-19 20:20:45,848 [INFO] Downloaded: vinter - REBORN.mp3
2026-02-19 20:20:47,409 [INFO] Downloaded: MC ORSEN - WARNING.mp3
2026-02-19 20:20:50,726 [INFO] Downloaded: GRAVECHILL - ENDLESS VOID with JXXPSINNXR.mp3
2026-02-19 20:20:50,794 [INFO] Downloaded: SCXR SOUL - CADAVERICWXRM X SCXRSOUL - CAVES.mp3
2026-02-19 20:20:52,100 [INFO] Downloaded: Lorta Outtakes - Belis - Only Facts (Lorta Remix).mp3
2026-02-19 20:20:52,807 [INFO] Downloaded: SXTURN GALAXY - EXODUS ft. iGRES.mp3
2026-02-19 20:20:55,286 [INFO] Downloaded: SAILXNCE - FEAR.mp3
2026-02-19 20:20:55,876 [INFO] Downloaded: LOSTMANE - NIGHTFALL.mp3
2026-02-19 20:48:08,370 [INFO] Downloaded: LXST CXNTURY - HAVOC.mp3
2026-02-19 20:48:08,503 [INFO] Downloaded: HXVRMXN - スピードデーモン.mp3
2026-02-19 20:48:08,503 [INFO] Downloaded: skeler. - DEVILISH TRIO - NOSE TO THE GRINDSTONE (Skeler Remix).mp3
2026-02-19 20:48:08,604 [INFO] Downloaded: KEDELA - KEDELA - LAST UNIVERSE.mp3
2026-02-19 20:48:13,666 [INFO] Downloaded: INTERWORLD - METAMORPHOSIS.mp3
2026-02-19 20:48:13,969 [INFO] Downloaded: WEEDMANE - SUICIDE YEAR (feat. Kingpin' Skinny Pimp, DJ Spanish Fly).mp3
2026-02-19 20:48:14,083 [INFO] Downloaded: DVRST - DVRST, OBLXKQ - ENDLESS LOVE.mp3
2026-02-19 20:48:14,316 [INFO] Downloaded: SAGE - Lethal Presence.mp3
2026-02-19 20:48:18,766 [INFO] Downloaded: HXVRMXN - HEADLIGHTS FLASHES.mp3
2026-02-19 20:48:18,883 [INFO] Downloaded: HXVRMXN - Eclipse.mp3
2026-02-19 20:48:19,253 [INFO] Downloaded: TWOPAIN - RISE.mp3
2026-02-19 20:48:19,342 [INFO] Downloaded: LXST CXNTURY - MIRAX.mp3
2026-02-19 20:48:23,651 [INFO] Downloaded: SXLECT - OVERDRIVE.mp3
2026-02-19 20:48:23,981 [INFO] Downloaded: EhzumKa - 40. Belis Feat. RAMIREZ - Only Facts With BONES - 30DAYFREETRIAL (Skeler Remix).mp3
2026-02-19 20:48:24,394 [INFO] Downloaded: MC ORSEN - WARNING.mp3
2026-02-19 20:48:24,861 [INFO] Downloaded: vinter - REBORN.mp3
2026-02-19 20:48:28,100 [INFO] Downloaded: SCXR SOUL - CADAVERICWXRM X SCXRSOUL - CAVES.mp3
2026-02-19 20:48:28,491 [INFO] Downloaded: GRAVECHILL - ENDLESS VOID with JXXPSINNXR.mp3
2026-02-19 20:48:28,889 [INFO] Downloaded: Lorta Outtakes - Belis - Only Facts (Lorta Remix).mp3
2026-02-19 20:48:29,363 [INFO] Downloaded: SXTURN GALAXY - EXODUS ft. iGRES.mp3
2026-02-19 20:48:32,626 [INFO] Downloaded: SAILXNCE - FEAR.mp3
2026-02-19 20:48:32,983 [INFO] Downloaded: LOSTMANE - NIGHTFALL.mp3
2026-02-19 20:48:34,276 [INFO] Downloaded: LXZY SLXTH - Lxzy Slxth  - Emotions.mp3
2026-02-19 20:48:34,889 [INFO] Downloaded: LOSTMANE - Ghostemane - Mercury (LOSTMANE REMIX).mp3
2026-02-19 20:48:38,132 [INFO] Downloaded: SPYRAL - Angels.mp3
2026-02-19 20:48:38,237 [INFO] Downloaded: iwilldiehere - iwilldiеhere, DVRKLXGHT - ANTARCTICA.mp3
2026-02-19 20:48:40,271 [INFO] Downloaded: RYDER SPOT - Back Trip.mp3
2026-02-19 20:48:40,291 [INFO] Downloaded: RYDER SPOT - Back Trip.mp3
2026-02-19 20:48:43,628 [INFO] Downloaded: Finivoid - cry for love ⧸w Devilish Trio.mp3
2026-02-19 20:48:43,723 [INFO] Downloaded: SAGE - The Finer Things.mp3
2026-02-19 20:48:43,726 [INFO] Stored: iwilldiehere - iwilldiеhere, DVRKLXGHT - ANTARCTICA.mp3 (43 dims)
2026-02-19 20:48:43,727 [INFO] Stored: RYDER SPOT - Back Trip.mp3 (43 dims)
2026-02-19 20:48:43,727 [INFO] Stored: SPYRAL - Angels.mp3 (43 dims)
2026-02-19 20:48:43,727 [INFO] Stored: LXZY SLXTH - Lxzy Slxth  - Emotions.mp3 (43 dims)
2026-02-19 20:48:43,728 [INFO] Stored: RYDER SPOT - Back Trip.mp3 (43 dims)
2026-02-19 20:48:43,728 [INFO] Stored: LOSTMANE - Ghostemane - Mercury (LOSTMANE REMIX).mp3 (43 dims)
2026-02-19 20:48:44,978 [INFO] Stored: Finivoid - cry for love ⧸w Devilish Trio.mp3 (43 dims)
2026-02-19 20:48:45,029 [INFO] Stored: SAGE - The Finer Things.mp3 (43 dims)
